<?xml version="1.0" encoding="UTF-8"?>
<!-- Generated by org.testng.reporters.JUnitReportReporter -->
<testsuite hostname="Home" failures="0" tests="1" name="com.inetBankingV1.testLayer.TC_LoginTest_001" time="1.611" errors="0" timestamp="2023-09-10T13:24:52 IST" skipped="0">
  <testcase classname="com.inetBankingV1.testLayer.TC_LoginTest_001" name="loginTest" time="1.611"/>
</testsuite> <!-- com.inetBankingV1.testLayer.TC_LoginTest_001 -->
