<?xml version="1.0" encoding="UTF-8"?>
<!-- Generated by org.testng.reporters.JUnitReportReporter -->
<testsuite hostname="Home" failures="0" tests="1" name="com.inetBankingV1.BaseLayer.TC_LoginTest_001" time="9.744" errors="0" timestamp="2023-07-05T19:22:47 IST" skipped="0">
  <testcase classname="com.inetBankingV1.BaseLayer.TC_LoginTest_001" name="loginTest" time="9.744"/>
</testsuite> <!-- com.inetBankingV1.BaseLayer.TC_LoginTest_001 -->
