<?xml version="1.0" encoding="UTF-8"?>
<!-- Generated by org.testng.reporters.JUnitReportReporter -->
<testsuite hostname="Home" failures="0" tests="1" name="com.inetBankingV1.testLayer.TC_LoginTest_001" time="19.847" errors="0" timestamp="2023-07-06T23:43:02 IST" skipped="0">
  <testcase classname="com.inetBankingV1.testLayer.TC_LoginTest_001" name="loginTest" time="19.847"/>
</testsuite> <!-- com.inetBankingV1.testLayer.TC_LoginTest_001 -->
